<?xml version="1.0" encoding="UTF-8"?>
<!-- Generated by org.testng.reporters.JUnitReportReporter -->
<testsuite hostname="DESKTOP-QPH6U7H" failures="0" tests="5" name="taib.Loan" time="0.020" errors="0" timestamp="2023-09-28T14:05:49 IST" skipped="0">
  <testcase classname="taib.Loan" name="demo5" time="0.006"/>
  <testcase classname="taib.Loan" name="demo7" time="0.002"/>
  <testcase classname="taib.Loan" name="demo6" time="0.002"/>
  <testcase classname="taib.Loan" name="demo3" time="0.003"/>
  <testcase classname="taib.Loan" name="demo4" time="0.007"/>
</testsuite> <!-- taib.Loan -->
