<?xml version="1.0" encoding="UTF-8"?>
<!-- Generated by org.testng.reporters.JUnitReportReporter -->
<testsuite hostname="DESKTOP-QPH6U7H" failures="0" tests="3" name="taib.Basics" time="0.014" errors="0" timestamp="2023-09-28T14:05:49 IST" skipped="0">
  <testcase classname="taib.Basics" name="demo3" time="0.004"/>
  <testcase classname="taib.Basics" name="demo2" time="0.001"/>
  <testcase classname="taib.Basics" name="demo" time="0.009"/>
</testsuite> <!-- taib.Basics -->
