<?xml version="1.0" encoding="UTF-8"?>
<!-- Generated by org.testng.reporters.JUnitReportReporter -->
<testsuite hostname="DESKTOP-89MGAHM" failures="0" tests="3" name="taib.Prioritizing134" time="0.001" errors="0" timestamp="2023-12-24T19:05:44 IST" skipped="0">
  <testcase classname="taib.Prioritizing134" name="MobileLogincarLoan" time="0.001"/>
  <system-out/>
  <testcase classname="taib.Prioritizing134" name="LoginAPIcarLogin" time="0.000"/>
  <system-out/>
  <testcase classname="taib.Prioritizing134" name="WebLoginCarLoan" time="0.000"/>
  <system-out/>
</testsuite> <!-- taib.Prioritizing134 -->
