<?xml version="1.0" encoding="UTF-8"?>
<!-- Generated by org.testng.reporters.JUnitReportReporter -->
<testsuite hostname="DESKTOP-89MGAHM" failures="0" tests="3" name="taib.CarLoan" time="0.003" errors="0" timestamp="2023-12-24T20:44:26 IST" skipped="0">
  <testcase classname="taib.CarLoan" name="LoginAPIcarLoan" time="0.003"/>
  <system-out/>
  <testcase classname="taib.CarLoan" name="WebloginCarLoan" time="0.000"/>
  <system-out/>
  <testcase classname="taib.CarLoan" name="MobileLoginCarLoan" time="0.000"/>
  <system-out/>
</testsuite> <!-- taib.CarLoan -->
