<?xml version="1.0" encoding="UTF-8"?>
<!-- Generated by org.testng.reporters.JUnitReportReporter -->
<testsuite hostname="DESKTOP-89MGAHM" failures="0" tests="5" name="taib.Loan" time="0.003" errors="0" timestamp="2023-12-24T19:40:55 IST" skipped="0">
  <testcase classname="taib.Loan" name="demo5" time="0.000"/>
  <system-out/>
  <testcase classname="taib.Loan" name="demo4" time="0.001"/>
  <system-out/>
  <testcase classname="taib.Loan" name="demo7" time="0.001"/>
  <system-out/>
  <testcase classname="taib.Loan" name="demo6" time="0.000"/>
  <system-out/>
  <testcase classname="taib.Loan" name="demo3" time="0.001"/>
  <system-out/>
</testsuite> <!-- taib.Loan -->
