<?xml version="1.0" encoding="UTF-8"?>
<!-- Generated by org.testng.reporters.JUnitReportReporter -->
<testsuite hostname="DESKTOP-89MGAHM" failures="0" tests="3" name="taib.Prioritizing133" time="0.001" errors="0" timestamp="2023-12-24T19:05:44 IST" skipped="0">
  <testcase classname="taib.Prioritizing133" name="WebLoginHomeLoan" time="0.000"/>
  <system-out/>
  <testcase classname="taib.Prioritizing133" name="MobileLoginHomeLoan" time="0.000"/>
  <system-out/>
  <testcase classname="taib.Prioritizing133" name="LoginAPIHomeLogin" time="0.001"/>
  <system-out/>
</testsuite> <!-- taib.Prioritizing133 -->
