<?xml version="1.0" encoding="UTF-8"?>
<!-- Generated by org.testng.reporters.JUnitReportReporter -->
<testsuite hostname="DESKTOP-89MGAHM" failures="0" tests="3" name="taib.HomeLoan" time="0.000" errors="0" timestamp="2023-12-24T19:40:55 IST" skipped="0">
  <testcase classname="taib.HomeLoan" name="WebloginHomeLoan" time="0.000"/>
  <system-out/>
  <testcase classname="taib.HomeLoan" name="LoginAPIHomeLoan" time="0.000"/>
  <system-out/>
  <testcase classname="taib.HomeLoan" name="MobileLoginHomeLoan" time="0.000"/>
  <system-out/>
</testsuite> <!-- taib.HomeLoan -->
