<?xml version="1.0" encoding="UTF-8"?>
<!-- Generated by org.testng.reporters.JUnitReportReporter -->
<testsuite hostname="DESKTOP-89MGAHM" failures="0" tests="1" name="taib.Basics" time="0.005" errors="0" timestamp="2023-12-24T22:10:49 IST" skipped="0">
  <testcase classname="taib.Basics" name="demo3" time="0.005"/>
  <system-out/>
</testsuite> <!-- taib.Basics -->
